# JRE version: Java(TM) SE Runtime Environment (17.0.5+9) (build 17.0.5+9-LTS-191)
# Java VM: Java HotSpot(TM) 64-Bit Server VM (17.0.5+9-LTS-191, mixed mode, sharing, tiered, compressed oops, compressed class ptrs, g1 gc, windows-amd64)
GC Precious Log:
 CPUs: 8 total, 8 available
 Memory: 8007M
 Large Page Support: Disabled
 NUMA Support: Disabled
 Compressed Oops: Enabled (32-bit)
 Heap Region Size: 1M
 Heap Min Capacity: 8M
 Heap Initial Capacity: 126M
 Heap Max Capacity: 2002M
 Pre-touch: Disabled
 Parallel Workers: 8
 Concurrent Workers: 2
 Concurrent Refinement Workers: 8
 Periodic GC: Disabled
Heap:
 garbage-first heap   total 53248K, used 27073K [0x0000000082e00000, 0x0000000100000000)
  region size 1024K, 2 young (2048K), 2 survivors (2048K)
 Metaspace       used 29152K, committed 29440K, reserved 1081344K
  class space    used 3842K, committed 3968K, reserved 1048576K
GC Heap History (20 events):
Event: 3.928 GC heap after
{Heap after GC invocations=2 (full 0):
 garbage-first heap   total 129024K, used 9447K [0x0000000082e00000, 0x0000000100000000)
  region size 1024K, 5 young (5120K), 5 survivors (5120K)
 Metaspace       used 18652K, committed 18880K, reserved 1073152K
  class space    used 2377K, committed 2496K, reserved 1048576K
}
Event: 4.332 GC heap before
{Heap before GC invocations=2 (full 0):
 garbage-first heap   total 129024K, used 19687K [0x0000000082e00000, 0x0000000100000000)
  region size 1024K, 16 young (16384K), 5 survivors (5120K)
 Metaspace       used 21263K, committed 21504K, reserved 1073152K
  class space    used 2894K, committed 3008K, reserved 1048576K
}
Event: 4.339 GC heap after
{Heap after GC invocations=3 (full 0):
 garbage-first heap   total 129024K, used 10601K [0x0000000082e00000, 0x0000000100000000)
  region size 1024K, 7 young (7168K), 7 survivors (7168K)
 Metaspace       used 21263K, committed 21504K, reserved 1073152K
  class space    used 2894K, committed 3008K, reserved 1048576K
}
Event: 8.905 GC heap before
{Heap before GC invocations=4 (full 0):
 garbage-first heap   total 48128K, used 34153K [0x0000000082e00000, 0x0000000100000000)
  region size 1024K, 28 young (28672K), 7 survivors (7168K)
 Metaspace       used 25043K, committed 25280K, reserved 1073152K
  class space    used 3410K, committed 3520K, reserved 1048576K
}
Event: 8.916 GC heap after
{Heap after GC invocations=5 (full 0):
 garbage-first heap   total 48128K, used 16281K [0x0000000082e00000, 0x0000000100000000)
  region size 1024K, 4 young (4096K), 4 survivors (4096K)
 Metaspace       used 25043K, committed 25280K, reserved 1073152K
  class space    used 3410K, committed 3520K, reserved 1048576K
}
Event: 53.264 GC heap before
{Heap before GC invocations=6 (full 0):
 garbage-first heap   total 48128K, used 34713K [0x0000000082e00000, 0x0000000100000000)
  region size 1024K, 20 young (20480K), 4 survivors (4096K)
 Metaspace       used 27021K, committed 27328K, reserved 1073152K
  class space    used 3609K, committed 3776K, reserved 1048576K
}
Event: 53.273 GC heap after
{Heap after GC invocations=7 (full 0):
 garbage-first heap   total 48128K, used 19640K [0x0000000082e00000, 0x0000000100000000)
  region size 1024K, 3 young (3072K), 3 survivors (3072K)
 Metaspace       used 27021K, committed 27328K, reserved 1073152K
  class space    used 3609K, committed 3776K, reserved 1048576K
}
Event: 55.610 GC heap before
{Heap before GC invocations=7 (full 0):
 garbage-first heap   total 48128K, used 33976K [0x0000000082e00000, 0x0000000100000000)
  region size 1024K, 17 young (17408K), 3 survivors (3072K)
 Metaspace       used 28102K, committed 28416K, reserved 1073152K
  class space    used 3778K, committed 3904K, reserved 1048576K
}
Event: 55.619 GC heap after
{Heap after GC invocations=8 (full 0):
 garbage-first heap   total 48128K, used 23203K [0x0000000082e00000, 0x0000000100000000)
  region size 1024K, 3 young (3072K), 3 survivors (3072K)
 Metaspace       used 28102K, committed 28416K, reserved 1073152K
  class space    used 3778K, committed 3904K, reserved 1048576K
}
Event: 61.019 GC heap before
{Heap before GC invocations=8 (full 0):
 garbage-first heap   total 48128K, used 34467K [0x0000000082e00000, 0x0000000100000000)
  region size 1024K, 14 young (14336K), 3 survivors (3072K)
 Metaspace       used 28213K, committed 28480K, reserved 1081344K
  class space    used 3780K, committed 3904K, reserved 1048576K
}
Event: 61.025 GC heap after
{Heap after GC invocations=9 (full 0):
 garbage-first heap   total 48128K, used 26417K [0x0000000082e00000, 0x0000000100000000)
  region size 1024K, 2 young (2048K), 2 survivors (2048K)
 Metaspace       used 28213K, committed 28480K, reserved 1081344K
  class space    used 3780K, committed 3904K, reserved 1048576K
}
Event: 63.126 GC heap before
{Heap before GC invocations=9 (full 0):
 garbage-first heap   total 48128K, used 34609K [0x0000000082e00000, 0x0000000100000000)
  region size 1024K, 10 young (10240K), 2 survivors (2048K)
 Metaspace       used 28609K, committed 28864K, reserved 1081344K
  class space    used 3823K, committed 3968K, reserved 1048576K
}
Event: 63.131 GC heap after
{Heap after GC invocations=10 (full 0):
 garbage-first heap   total 48128K, used 29277K [0x0000000082e00000, 0x0000000100000000)
  region size 1024K, 2 young (2048K), 2 survivors (2048K)
 Metaspace       used 28609K, committed 28864K, reserved 1081344K
  class space    used 3823K, committed 3968K, reserved 1048576K
}
Event: 64.851 GC heap before
{Heap before GC invocations=11 (full 0):
 garbage-first heap   total 53248K, used 35421K [0x0000000082e00000, 0x0000000100000000)
  region size 1024K, 8 young (8192K), 2 survivors (2048K)
 Metaspace       used 28877K, committed 29184K, reserved 1081344K
  class space    used 3842K, committed 3968K, reserved 1048576K
}
Event: 64.854 GC heap after
{Heap after GC invocations=12 (full 0):
 garbage-first heap   total 53248K, used 30743K [0x0000000082e00000, 0x0000000100000000)
  region size 1024K, 1 young (1024K), 1 survivors (1024K)
 Metaspace       used 28877K, committed 29184K, reserved 1081344K
  class space    used 3842K, committed 3968K, reserved 1048576K
}
Event: 64.861 GC heap before
{Heap before GC invocations=12 (full 0):
 garbage-first heap   total 53248K, used 31767K [0x0000000082e00000, 0x0000000100000000)
  region size 1024K, 2 young (2048K), 1 survivors (1024K)
 Metaspace       used 28890K, committed 29184K, reserved 1081344K
  class space    used 3842K, committed 3968K, reserved 1048576K
}
Event: 64.863 GC heap after
{Heap after GC invocations=13 (full 0):
 garbage-first heap   total 53248K, used 27421K [0x0000000082e00000, 0x0000000100000000)
  region size 1024K, 1 young (1024K), 1 survivors (1024K)
 Metaspace       used 28890K, committed 29184K, reserved 1081344K
  class space    used 3842K, committed 3968K, reserved 1048576K
}
Event: 64.888 GC heap before
{Heap before GC invocations=13 (full 0):
 garbage-first heap   total 53248K, used 28445K [0x0000000082e00000, 0x0000000100000000)
  region size 1024K, 2 young (2048K), 1 survivors (1024K)
 Metaspace       used 28923K, committed 29248K, reserved 1081344K
  class space    used 3842K, committed 3968K, reserved 1048576K
}
Event: 64.891 GC heap after
{Heap after GC invocations=14 (full 0):
 garbage-first heap   total 53248K, used 26159K [0x0000000082e00000, 0x0000000100000000)
  region size 1024K, 1 young (1024K), 1 survivors (1024K)
 Metaspace       used 28923K, committed 29248K, reserved 1081344K
  class space    used 3842K, committed 3968K, reserved 1048576K
}
Event: 111.848 GC heap before
{Heap before GC invocations=14 (full 0):
 garbage-first heap   total 53248K, used 37423K [0x0000000082e00000, 0x0000000100000000)
  region size 1024K, 12 young (12288K), 1 survivors (1024K)
 Metaspace       used 29152K, committed 29440K, reserved 1081344K
  class space    used 3842K, committed 3968K, reserved 1048576K
}

